[02:38:17] [main/INFO] [GradleStart]: Extra: []
[02:38:17] [main/INFO] [GradleStart]: Found and added coremod: ic2.core.coremod.IC2core
[02:38:17] [main/INFO] [GradleStart]: Found and added coremod: codechicken.core.launch.DepLoader
[02:38:17] [main/INFO] [GradleStart]: Found and added coremod: squeek.applecore.AppleCore
[02:38:17] [main/INFO] [GradleStart]: Found and added coremod: appeng.transformer.AppEngCore
[02:38:17] [main/INFO] [GradleStart]: Found and added coremod: cofh.asm.LoadingPlugin
[02:38:17] [main/INFO] [GradleStart]: Found and added coremod: com.enderio.core.common.transform.EnderCorePlugin
[02:38:17] [main/INFO] [GradleStart]: Found and added coremod: codechicken.core.launch.DepLoader
[02:38:17] [main/INFO] [GradleStart]: Found and added coremod: ic2.core.coremod.IC2core
[02:38:17] [main/INFO] [GradleStart]: Found and added coremod: codechicken.nei.asm.NEICorePlugin
[02:38:17] [main/INFO] [GradleStart]: Found and added coremod: gtPlusPlus.preloader.asm.Preloader_FMLLoadingPlugin
[02:38:17] [main/INFO] [GradleStart]: Running with arguments: [--userProperties, {}, --assetsDir, C:/Users/Domia/.gradle/caches/minecraft/assets, --assetIndex, 1.7.10, --accessToken, {REDACTED}, --version, 1.7.10, --tweakClass, cpw.mods.fml.common.launcher.FMLTweaker, --tweakClass, net.minecraftforge.gradle.tweakers.CoremodTweaker]
[02:38:17] [main/INFO] [LaunchWrapper]: Loading tweak class name cpw.mods.fml.common.launcher.FMLTweaker
[02:38:17] [main/INFO] [LaunchWrapper]: Using primary tweak class name cpw.mods.fml.common.launcher.FMLTweaker
[02:38:17] [main/INFO] [LaunchWrapper]: Loading tweak class name net.minecraftforge.gradle.tweakers.CoremodTweaker
[02:38:17] [main/INFO] [LaunchWrapper]: Calling tweak class cpw.mods.fml.common.launcher.FMLTweaker
[02:43:36] [main/INFO] [GradleStart]: Extra: []
[02:43:37] [main/INFO] [GradleStart]: Found and added coremod: ic2.core.coremod.IC2core
[02:43:37] [main/INFO] [GradleStart]: Found and added coremod: codechicken.core.launch.DepLoader
[02:43:37] [main/INFO] [GradleStart]: Found and added coremod: squeek.applecore.AppleCore
[02:43:37] [main/INFO] [GradleStart]: Found and added coremod: appeng.transformer.AppEngCore
[02:43:37] [main/INFO] [GradleStart]: Found and added coremod: cofh.asm.LoadingPlugin
[02:43:37] [main/INFO] [GradleStart]: Found and added coremod: com.enderio.core.common.transform.EnderCorePlugin
[02:43:37] [main/INFO] [GradleStart]: Found and added coremod: codechicken.core.launch.DepLoader
[02:43:37] [main/INFO] [GradleStart]: Found and added coremod: ic2.core.coremod.IC2core
[02:43:37] [main/INFO] [GradleStart]: Found and added coremod: codechicken.nei.asm.NEICorePlugin
[02:43:37] [main/INFO] [GradleStart]: Found and added coremod: gtPlusPlus.preloader.asm.Preloader_FMLLoadingPlugin
[02:43:37] [main/INFO] [GradleStart]: Found and added coremod: codechicken.core.launch.CodeChickenCorePlugin
[02:43:37] [main/INFO] [GradleStart]: Running with arguments: [--userProperties, {}, --assetsDir, C:/Users/Domia/.gradle/caches/minecraft/assets, --assetIndex, 1.7.10, --accessToken, {REDACTED}, --version, 1.7.10, --tweakClass, cpw.mods.fml.common.launcher.FMLTweaker, --tweakClass, net.minecraftforge.gradle.tweakers.CoremodTweaker]
[02:43:37] [main/INFO] [LaunchWrapper]: Loading tweak class name cpw.mods.fml.common.launcher.FMLTweaker
[02:43:37] [main/INFO] [LaunchWrapper]: Using primary tweak class name cpw.mods.fml.common.launcher.FMLTweaker
[02:43:37] [main/INFO] [LaunchWrapper]: Loading tweak class name net.minecraftforge.gradle.tweakers.CoremodTweaker
[02:43:37] [main/INFO] [LaunchWrapper]: Calling tweak class cpw.mods.fml.common.launcher.FMLTweaker
[02:53:39] [main/INFO] [GradleStart]: Extra: []
[02:53:39] [main/INFO] [GradleStart]: Found and added coremod: ic2.core.coremod.IC2core
[02:53:39] [main/INFO] [GradleStart]: Found and added coremod: codechicken.core.launch.DepLoader
[02:53:39] [main/INFO] [GradleStart]: Found and added coremod: squeek.applecore.AppleCore
[02:53:39] [main/INFO] [GradleStart]: Found and added coremod: appeng.transformer.AppEngCore
[02:53:39] [main/INFO] [GradleStart]: Found and added coremod: cofh.asm.LoadingPlugin
[02:53:39] [main/INFO] [GradleStart]: Found and added coremod: codechicken.nei.asm.NEICorePlugin
[02:53:39] [main/INFO] [GradleStart]: Found and added coremod: gtPlusPlus.preloader.asm.Preloader_FMLLoadingPlugin
[02:53:39] [main/INFO] [GradleStart]: Found and added coremod: codechicken.core.launch.CodeChickenCorePlugin
[02:53:39] [main/INFO] [GradleStart]: Running with arguments: [--userProperties, {}, --assetsDir, C:/Users/Domia/.gradle/caches/minecraft/assets, --assetIndex, 1.7.10, --accessToken, {REDACTED}, --version, 1.7.10, --tweakClass, cpw.mods.fml.common.launcher.FMLTweaker, --tweakClass, net.minecraftforge.gradle.tweakers.CoremodTweaker]
[02:53:39] [main/INFO] [LaunchWrapper]: Loading tweak class name cpw.mods.fml.common.launcher.FMLTweaker
[02:53:40] [main/INFO] [LaunchWrapper]: Using primary tweak class name cpw.mods.fml.common.launcher.FMLTweaker
[02:53:40] [main/INFO] [LaunchWrapper]: Loading tweak class name net.minecraftforge.gradle.tweakers.CoremodTweaker
[02:53:40] [main/INFO] [LaunchWrapper]: Calling tweak class cpw.mods.fml.common.launcher.FMLTweaker
[02:54:48] [main/INFO] [GradleStart]: Extra: []
[02:54:49] [main/INFO] [GradleStart]: Found and added coremod: ic2.core.coremod.IC2core
[02:54:49] [main/INFO] [GradleStart]: Found and added coremod: codechicken.core.launch.DepLoader
[02:54:49] [main/INFO] [GradleStart]: Found and added coremod: squeek.applecore.AppleCore
[02:54:49] [main/INFO] [GradleStart]: Found and added coremod: appeng.transformer.AppEngCore
[02:54:49] [main/INFO] [GradleStart]: Found and added coremod: cofh.asm.LoadingPlugin
[02:54:49] [main/INFO] [GradleStart]: Found and added coremod: codechicken.nei.asm.NEICorePlugin
[02:54:49] [main/INFO] [GradleStart]: Found and added coremod: gtPlusPlus.preloader.asm.Preloader_FMLLoadingPlugin
[02:54:49] [main/INFO] [GradleStart]: Found and added coremod: codechicken.core.launch.CodeChickenCorePlugin
[02:54:49] [main/INFO] [GradleStart]: Running with arguments: [--userProperties, {}, --assetsDir, C:/Users/Domia/.gradle/caches/minecraft/assets, --assetIndex, 1.7.10, --accessToken, {REDACTED}, --version, 1.7.10, --tweakClass, cpw.mods.fml.common.launcher.FMLTweaker, --tweakClass, net.minecraftforge.gradle.tweakers.CoremodTweaker]
[02:54:49] [main/INFO] [LaunchWrapper]: Loading tweak class name cpw.mods.fml.common.launcher.FMLTweaker
[02:54:49] [main/INFO] [LaunchWrapper]: Using primary tweak class name cpw.mods.fml.common.launcher.FMLTweaker
[02:54:49] [main/INFO] [LaunchWrapper]: Loading tweak class name net.minecraftforge.gradle.tweakers.CoremodTweaker
[02:54:49] [main/INFO] [LaunchWrapper]: Calling tweak class cpw.mods.fml.common.launcher.FMLTweaker
[02:59:37] [main/INFO] [GradleStart]: Extra: []
[02:59:37] [main/INFO] [GradleStart]: Found and added coremod: ic2.core.coremod.IC2core
[02:59:37] [main/INFO] [GradleStart]: Found and added coremod: codechicken.core.launch.DepLoader
[02:59:37] [main/INFO] [GradleStart]: Found and added coremod: squeek.applecore.AppleCore
[02:59:37] [main/INFO] [GradleStart]: Found and added coremod: appeng.transformer.AppEngCore
[02:59:37] [main/INFO] [GradleStart]: Found and added coremod: cofh.asm.LoadingPlugin
[02:59:37] [main/INFO] [GradleStart]: Found and added coremod: codechicken.nei.asm.NEICorePlugin
[02:59:37] [main/INFO] [GradleStart]: Found and added coremod: gtPlusPlus.preloader.asm.Preloader_FMLLoadingPlugin
[02:59:37] [main/INFO] [GradleStart]: Found and added coremod: codechicken.core.launch.CodeChickenCorePlugin
[02:59:37] [main/INFO] [GradleStart]: Found and added coremod: micdoodle8.mods.miccore.MicdoodlePlugin
[02:59:37] [main/INFO] [GradleStart]: Running with arguments: [--userProperties, {}, --assetsDir, C:/Users/Domia/.gradle/caches/minecraft/assets, --assetIndex, 1.7.10, --accessToken, {REDACTED}, --version, 1.7.10, --tweakClass, cpw.mods.fml.common.launcher.FMLTweaker, --tweakClass, net.minecraftforge.gradle.tweakers.CoremodTweaker]
[02:59:37] [main/INFO] [LaunchWrapper]: Loading tweak class name cpw.mods.fml.common.launcher.FMLTweaker
[02:59:37] [main/INFO] [LaunchWrapper]: Using primary tweak class name cpw.mods.fml.common.launcher.FMLTweaker
[02:59:37] [main/INFO] [LaunchWrapper]: Loading tweak class name net.minecraftforge.gradle.tweakers.CoremodTweaker
[02:59:37] [main/INFO] [LaunchWrapper]: Calling tweak class cpw.mods.fml.common.launcher.FMLTweaker
[03:01:22] [main/INFO] [GradleStart]: Extra: []
[03:01:23] [main/INFO] [GradleStart]: Found and added coremod: ic2.core.coremod.IC2core
[03:01:23] [main/INFO] [GradleStart]: Found and added coremod: codechicken.core.launch.DepLoader
[03:01:23] [main/INFO] [GradleStart]: Found and added coremod: squeek.applecore.AppleCore
[03:01:23] [main/INFO] [GradleStart]: Found and added coremod: appeng.transformer.AppEngCore
[03:01:23] [main/INFO] [GradleStart]: Found and added coremod: cofh.asm.LoadingPlugin
[03:01:23] [main/INFO] [GradleStart]: Found and added coremod: codechicken.nei.asm.NEICorePlugin
[03:01:23] [main/INFO] [GradleStart]: Found and added coremod: gtPlusPlus.preloader.asm.Preloader_FMLLoadingPlugin
[03:01:23] [main/INFO] [GradleStart]: Found and added coremod: codechicken.core.launch.CodeChickenCorePlugin
[03:01:23] [main/INFO] [GradleStart]: Found and added coremod: micdoodle8.mods.miccore.MicdoodlePlugin
[03:01:23] [main/INFO] [GradleStart]: Running with arguments: [--userProperties, {}, --assetsDir, C:/Users/Domia/.gradle/caches/minecraft/assets, --assetIndex, 1.7.10, --accessToken, {REDACTED}, --version, 1.7.10, --tweakClass, cpw.mods.fml.common.launcher.FMLTweaker, --tweakClass, net.minecraftforge.gradle.tweakers.CoremodTweaker]
[03:01:23] [main/INFO] [LaunchWrapper]: Loading tweak class name cpw.mods.fml.common.launcher.FMLTweaker
[03:01:23] [main/INFO] [LaunchWrapper]: Using primary tweak class name cpw.mods.fml.common.launcher.FMLTweaker
[03:01:23] [main/INFO] [LaunchWrapper]: Loading tweak class name net.minecraftforge.gradle.tweakers.CoremodTweaker
[03:01:23] [main/INFO] [LaunchWrapper]: Calling tweak class cpw.mods.fml.common.launcher.FMLTweaker
[03:06:41] [main/INFO] [GradleStart]: Extra: []
[03:06:41] [main/INFO] [GradleStart]: Found and added coremod: ic2.core.coremod.IC2core
[03:06:41] [main/INFO] [GradleStart]: Found and added coremod: codechicken.core.launch.DepLoader
[03:06:41] [main/INFO] [GradleStart]: Found and added coremod: squeek.applecore.AppleCore
[03:06:41] [main/INFO] [GradleStart]: Found and added coremod: appeng.transformer.AppEngCore
[03:06:41] [main/INFO] [GradleStart]: Found and added coremod: cofh.asm.LoadingPlugin
[03:06:41] [main/INFO] [GradleStart]: Found and added coremod: codechicken.nei.asm.NEICorePlugin
[03:06:41] [main/INFO] [GradleStart]: Found and added coremod: gtPlusPlus.preloader.asm.Preloader_FMLLoadingPlugin
[03:06:41] [main/INFO] [GradleStart]: Found and added coremod: codechicken.core.launch.CodeChickenCorePlugin
[03:06:41] [main/INFO] [GradleStart]: Found and added coremod: micdoodle8.mods.miccore.MicdoodlePlugin
[03:06:41] [main/INFO] [GradleStart]: Running with arguments: [--userProperties, {}, --assetsDir, C:/Users/Domia/.gradle/caches/minecraft/assets, --assetIndex, 1.7.10, --accessToken, {REDACTED}, --version, 1.7.10, --tweakClass, cpw.mods.fml.common.launcher.FMLTweaker, --tweakClass, net.minecraftforge.gradle.tweakers.CoremodTweaker]
[03:06:41] [main/INFO] [LaunchWrapper]: Loading tweak class name cpw.mods.fml.common.launcher.FMLTweaker
[03:06:41] [main/INFO] [LaunchWrapper]: Using primary tweak class name cpw.mods.fml.common.launcher.FMLTweaker
[03:06:41] [main/INFO] [LaunchWrapper]: Loading tweak class name net.minecraftforge.gradle.tweakers.CoremodTweaker
[03:06:41] [main/INFO] [LaunchWrapper]: Calling tweak class cpw.mods.fml.common.launcher.FMLTweaker
[03:10:58] [main/INFO] [GradleStart]: Extra: []
[03:10:58] [main/INFO] [GradleStart]: Found and added coremod: ic2.core.coremod.IC2core
[03:10:58] [main/INFO] [GradleStart]: Found and added coremod: codechicken.core.launch.DepLoader
[03:10:58] [main/INFO] [GradleStart]: Found and added coremod: appeng.transformer.AppEngCore
[03:10:58] [main/INFO] [GradleStart]: Found and added coremod: cofh.asm.LoadingPlugin
[03:10:58] [main/INFO] [GradleStart]: Found and added coremod: codechicken.nei.asm.NEICorePlugin
[03:10:58] [main/INFO] [GradleStart]: Found and added coremod: gtPlusPlus.preloader.asm.Preloader_FMLLoadingPlugin
[03:10:58] [main/INFO] [GradleStart]: Found and added coremod: codechicken.core.launch.CodeChickenCorePlugin
[03:10:58] [main/INFO] [GradleStart]: Found and added coremod: micdoodle8.mods.miccore.MicdoodlePlugin
[03:10:58] [main/INFO] [GradleStart]: Running with arguments: [--userProperties, {}, --assetsDir, C:/Users/Domia/.gradle/caches/minecraft/assets, --assetIndex, 1.7.10, --accessToken, {REDACTED}, --version, 1.7.10, --tweakClass, cpw.mods.fml.common.launcher.FMLTweaker, --tweakClass, net.minecraftforge.gradle.tweakers.CoremodTweaker]
[03:10:58] [main/INFO] [LaunchWrapper]: Loading tweak class name cpw.mods.fml.common.launcher.FMLTweaker
[03:10:58] [main/INFO] [LaunchWrapper]: Using primary tweak class name cpw.mods.fml.common.launcher.FMLTweaker
[03:10:58] [main/INFO] [LaunchWrapper]: Loading tweak class name net.minecraftforge.gradle.tweakers.CoremodTweaker
[03:10:58] [main/INFO] [LaunchWrapper]: Calling tweak class cpw.mods.fml.common.launcher.FMLTweaker
[03:43:15] [main/INFO] [GradleStart]: Extra: []
[03:43:15] [main/INFO] [GradleStart]: Found and added coremod: ic2.core.coremod.IC2core
[03:43:15] [main/INFO] [GradleStart]: Found and added coremod: codechicken.core.launch.DepLoader
[03:43:15] [main/INFO] [GradleStart]: Found and added coremod: appeng.transformer.AppEngCore
[03:43:15] [main/INFO] [GradleStart]: Found and added coremod: cofh.asm.LoadingPlugin
[03:43:15] [main/INFO] [GradleStart]: Found and added coremod: codechicken.nei.asm.NEICorePlugin
[03:43:15] [main/INFO] [GradleStart]: Found and added coremod: gtPlusPlus.preloader.asm.Preloader_FMLLoadingPlugin
[03:43:15] [main/INFO] [GradleStart]: Found and added coremod: codechicken.core.launch.CodeChickenCorePlugin
[03:43:15] [main/INFO] [GradleStart]: Found and added coremod: micdoodle8.mods.miccore.MicdoodlePlugin
[03:43:15] [main/INFO] [GradleStart]: Running with arguments: [--userProperties, {}, --assetsDir, C:/Users/Domia/.gradle/caches/minecraft/assets, --assetIndex, 1.7.10, --accessToken, {REDACTED}, --version, 1.7.10, --tweakClass, cpw.mods.fml.common.launcher.FMLTweaker, --tweakClass, net.minecraftforge.gradle.tweakers.CoremodTweaker]
[03:43:16] [main/INFO] [LaunchWrapper]: Loading tweak class name cpw.mods.fml.common.launcher.FMLTweaker
[03:43:16] [main/INFO] [LaunchWrapper]: Using primary tweak class name cpw.mods.fml.common.launcher.FMLTweaker
[03:43:16] [main/INFO] [LaunchWrapper]: Loading tweak class name net.minecraftforge.gradle.tweakers.CoremodTweaker
[03:43:16] [main/INFO] [LaunchWrapper]: Calling tweak class cpw.mods.fml.common.launcher.FMLTweaker
[03:44:44] [main/INFO] [GradleStart]: Extra: []
[03:44:45] [main/INFO] [GradleStart]: Found and added coremod: ic2.core.coremod.IC2core
[03:44:45] [main/INFO] [GradleStart]: Found and added coremod: codechicken.core.launch.DepLoader
[03:44:45] [main/INFO] [GradleStart]: Found and added coremod: appeng.transformer.AppEngCore
[03:44:45] [main/INFO] [GradleStart]: Found and added coremod: cofh.asm.LoadingPlugin
[03:44:45] [main/INFO] [GradleStart]: Found and added coremod: codechicken.nei.asm.NEICorePlugin
[03:44:45] [main/INFO] [GradleStart]: Found and added coremod: gtPlusPlus.preloader.asm.Preloader_FMLLoadingPlugin
[03:44:45] [main/INFO] [GradleStart]: Found and added coremod: codechicken.core.launch.CodeChickenCorePlugin
[03:44:45] [main/INFO] [GradleStart]: Found and added coremod: micdoodle8.mods.miccore.MicdoodlePlugin
[03:44:45] [main/INFO] [GradleStart]: Running with arguments: [--userProperties, {}, --assetsDir, C:/Users/Domia/.gradle/caches/minecraft/assets, --assetIndex, 1.7.10, --accessToken, {REDACTED}, --version, 1.7.10, --tweakClass, cpw.mods.fml.common.launcher.FMLTweaker, --tweakClass, net.minecraftforge.gradle.tweakers.CoremodTweaker]
[03:44:45] [main/INFO] [LaunchWrapper]: Loading tweak class name cpw.mods.fml.common.launcher.FMLTweaker
[03:44:45] [main/INFO] [LaunchWrapper]: Using primary tweak class name cpw.mods.fml.common.launcher.FMLTweaker
[03:44:45] [main/INFO] [LaunchWrapper]: Loading tweak class name net.minecraftforge.gradle.tweakers.CoremodTweaker
[03:44:45] [main/INFO] [LaunchWrapper]: Calling tweak class cpw.mods.fml.common.launcher.FMLTweaker
[04:11:10] [main/INFO] [GradleStart]: Extra: []
[04:11:10] [main/INFO] [GradleStart]: Found and added coremod: ic2.core.coremod.IC2core
[04:11:10] [main/INFO] [GradleStart]: Found and added coremod: codechicken.core.launch.DepLoader
[04:11:10] [main/INFO] [GradleStart]: Found and added coremod: appeng.transformer.AppEngCore
[04:11:10] [main/INFO] [GradleStart]: Found and added coremod: cofh.asm.LoadingPlugin
[04:11:10] [main/INFO] [GradleStart]: Found and added coremod: codechicken.nei.asm.NEICorePlugin
[04:11:10] [main/INFO] [GradleStart]: Found and added coremod: gtPlusPlus.preloader.asm.Preloader_FMLLoadingPlugin
[04:11:10] [main/INFO] [GradleStart]: Found and added coremod: codechicken.core.launch.CodeChickenCorePlugin
[04:11:10] [main/INFO] [GradleStart]: Found and added coremod: micdoodle8.mods.miccore.MicdoodlePlugin
[04:11:10] [main/INFO] [GradleStart]: Running with arguments: [--userProperties, {}, --assetsDir, C:/Users/Domia/.gradle/caches/minecraft/assets, --assetIndex, 1.7.10, --accessToken, {REDACTED}, --version, 1.7.10, --tweakClass, cpw.mods.fml.common.launcher.FMLTweaker, --tweakClass, net.minecraftforge.gradle.tweakers.CoremodTweaker]
[04:11:10] [main/INFO] [LaunchWrapper]: Loading tweak class name cpw.mods.fml.common.launcher.FMLTweaker
[04:11:10] [main/INFO] [LaunchWrapper]: Using primary tweak class name cpw.mods.fml.common.launcher.FMLTweaker
[04:11:10] [main/INFO] [LaunchWrapper]: Loading tweak class name net.minecraftforge.gradle.tweakers.CoremodTweaker
[04:11:10] [main/INFO] [LaunchWrapper]: Calling tweak class cpw.mods.fml.common.launcher.FMLTweaker
[04:21:10] [main/INFO] [GradleStart]: Extra: []
[04:21:10] [main/INFO] [GradleStart]: Found and added coremod: ic2.core.coremod.IC2core
[04:21:10] [main/INFO] [GradleStart]: Found and added coremod: codechicken.core.launch.DepLoader
[04:21:10] [main/INFO] [GradleStart]: Found and added coremod: appeng.transformer.AppEngCore
[04:21:10] [main/INFO] [GradleStart]: Found and added coremod: cofh.asm.LoadingPlugin
[04:21:10] [main/INFO] [GradleStart]: Found and added coremod: codechicken.nei.asm.NEICorePlugin
[04:21:10] [main/INFO] [GradleStart]: Found and added coremod: gtPlusPlus.preloader.asm.Preloader_FMLLoadingPlugin
[04:21:10] [main/INFO] [GradleStart]: Found and added coremod: codechicken.core.launch.CodeChickenCorePlugin
[04:21:10] [main/INFO] [GradleStart]: Found and added coremod: micdoodle8.mods.miccore.MicdoodlePlugin
[04:21:10] [main/INFO] [GradleStart]: Running with arguments: [--userProperties, {}, --assetsDir, C:/Users/Domia/.gradle/caches/minecraft/assets, --assetIndex, 1.7.10, --accessToken, {REDACTED}, --version, 1.7.10, --tweakClass, cpw.mods.fml.common.launcher.FMLTweaker, --tweakClass, net.minecraftforge.gradle.tweakers.CoremodTweaker]
[04:21:10] [main/INFO] [LaunchWrapper]: Loading tweak class name cpw.mods.fml.common.launcher.FMLTweaker
[04:21:10] [main/INFO] [LaunchWrapper]: Using primary tweak class name cpw.mods.fml.common.launcher.FMLTweaker
[04:21:10] [main/INFO] [LaunchWrapper]: Loading tweak class name net.minecraftforge.gradle.tweakers.CoremodTweaker
[04:21:10] [main/INFO] [LaunchWrapper]: Calling tweak class cpw.mods.fml.common.launcher.FMLTweaker
[05:00:53] [main/INFO] [GradleStart]: Extra: []
[05:00:54] [main/INFO] [GradleStart]: Found and added coremod: ic2.core.coremod.IC2core
[05:00:54] [main/INFO] [GradleStart]: Found and added coremod: codechicken.core.launch.DepLoader
[05:00:54] [main/INFO] [GradleStart]: Found and added coremod: appeng.transformer.AppEngCore
[05:00:54] [main/INFO] [GradleStart]: Found and added coremod: cofh.asm.LoadingPlugin
[05:00:54] [main/INFO] [GradleStart]: Found and added coremod: codechicken.nei.asm.NEICorePlugin
[05:00:54] [main/INFO] [GradleStart]: Found and added coremod: gtPlusPlus.preloader.asm.Preloader_FMLLoadingPlugin
[05:00:54] [main/INFO] [GradleStart]: Found and added coremod: codechicken.core.launch.CodeChickenCorePlugin
[05:00:54] [main/INFO] [GradleStart]: Found and added coremod: micdoodle8.mods.miccore.MicdoodlePlugin
[05:00:54] [main/INFO] [GradleStart]: Running with arguments: [--userProperties, {}, --assetsDir, C:/Users/Domia/.gradle/caches/minecraft/assets, --assetIndex, 1.7.10, --accessToken, {REDACTED}, --version, 1.7.10, --tweakClass, cpw.mods.fml.common.launcher.FMLTweaker, --tweakClass, net.minecraftforge.gradle.tweakers.CoremodTweaker]
[05:00:54] [main/INFO] [LaunchWrapper]: Loading tweak class name cpw.mods.fml.common.launcher.FMLTweaker
[05:00:54] [main/INFO] [LaunchWrapper]: Using primary tweak class name cpw.mods.fml.common.launcher.FMLTweaker
[05:00:54] [main/INFO] [LaunchWrapper]: Loading tweak class name net.minecraftforge.gradle.tweakers.CoremodTweaker
[05:00:54] [main/INFO] [LaunchWrapper]: Calling tweak class cpw.mods.fml.common.launcher.FMLTweaker
[05:14:40] [main/INFO] [GradleStart]: Extra: []
[05:14:40] [main/INFO] [GradleStart]: Found and added coremod: ic2.core.coremod.IC2core
[05:14:40] [main/INFO] [GradleStart]: Found and added coremod: codechicken.core.launch.DepLoader
[05:14:40] [main/INFO] [GradleStart]: Found and added coremod: appeng.transformer.AppEngCore
[05:14:40] [main/INFO] [GradleStart]: Found and added coremod: cofh.asm.LoadingPlugin
[05:14:40] [main/INFO] [GradleStart]: Found and added coremod: codechicken.nei.asm.NEICorePlugin
[05:14:40] [main/INFO] [GradleStart]: Found and added coremod: gtPlusPlus.preloader.asm.Preloader_FMLLoadingPlugin
[05:14:40] [main/INFO] [GradleStart]: Found and added coremod: codechicken.core.launch.CodeChickenCorePlugin
[05:14:40] [main/INFO] [GradleStart]: Found and added coremod: micdoodle8.mods.miccore.MicdoodlePlugin
[05:14:40] [main/INFO] [GradleStart]: Running with arguments: [--userProperties, {}, --assetsDir, C:/Users/Domia/.gradle/caches/minecraft/assets, --assetIndex, 1.7.10, --accessToken, {REDACTED}, --version, 1.7.10, --tweakClass, cpw.mods.fml.common.launcher.FMLTweaker, --tweakClass, net.minecraftforge.gradle.tweakers.CoremodTweaker]
[05:14:40] [main/INFO] [LaunchWrapper]: Loading tweak class name cpw.mods.fml.common.launcher.FMLTweaker
[05:14:40] [main/INFO] [LaunchWrapper]: Using primary tweak class name cpw.mods.fml.common.launcher.FMLTweaker
[05:14:40] [main/INFO] [LaunchWrapper]: Loading tweak class name net.minecraftforge.gradle.tweakers.CoremodTweaker
[05:14:40] [main/INFO] [LaunchWrapper]: Calling tweak class cpw.mods.fml.common.launcher.FMLTweaker
[13:10:55] [main/INFO] [GradleStart]: Extra: []
[13:10:56] [main/INFO] [GradleStart]: Found and added coremod: ic2.core.coremod.IC2core
[13:10:56] [main/INFO] [GradleStart]: Found and added coremod: codechicken.core.launch.DepLoader
[13:10:56] [main/INFO] [GradleStart]: Found and added coremod: appeng.transformer.AppEngCore
[13:10:56] [main/INFO] [GradleStart]: Found and added coremod: cofh.asm.LoadingPlugin
[13:10:56] [main/INFO] [GradleStart]: Found and added coremod: codechicken.nei.asm.NEICorePlugin
[13:10:56] [main/INFO] [GradleStart]: Found and added coremod: gtPlusPlus.preloader.asm.Preloader_FMLLoadingPlugin
[13:10:56] [main/INFO] [GradleStart]: Found and added coremod: codechicken.core.launch.CodeChickenCorePlugin
[13:10:56] [main/INFO] [GradleStart]: Found and added coremod: micdoodle8.mods.miccore.MicdoodlePlugin
[13:10:56] [main/INFO] [GradleStart]: Running with arguments: [--userProperties, {}, --assetsDir, C:/Users/Domia/.gradle/caches/minecraft/assets, --assetIndex, 1.7.10, --accessToken, {REDACTED}, --version, 1.7.10, --tweakClass, cpw.mods.fml.common.launcher.FMLTweaker, --tweakClass, net.minecraftforge.gradle.tweakers.CoremodTweaker]
[13:10:56] [main/INFO] [LaunchWrapper]: Loading tweak class name cpw.mods.fml.common.launcher.FMLTweaker
[13:10:56] [main/INFO] [LaunchWrapper]: Using primary tweak class name cpw.mods.fml.common.launcher.FMLTweaker
[13:10:56] [main/INFO] [LaunchWrapper]: Loading tweak class name net.minecraftforge.gradle.tweakers.CoremodTweaker
[13:10:56] [main/INFO] [LaunchWrapper]: Calling tweak class cpw.mods.fml.common.launcher.FMLTweaker
[13:56:39] [main/INFO] [GradleStart]: Extra: []
[13:56:39] [main/INFO] [GradleStart]: Found and added coremod: ic2.core.coremod.IC2core
[13:56:39] [main/INFO] [GradleStart]: Found and added coremod: codechicken.core.launch.DepLoader
[13:56:39] [main/INFO] [GradleStart]: Found and added coremod: appeng.transformer.AppEngCore
[13:56:39] [main/INFO] [GradleStart]: Found and added coremod: cofh.asm.LoadingPlugin
[13:56:39] [main/INFO] [GradleStart]: Found and added coremod: codechicken.nei.asm.NEICorePlugin
[13:56:39] [main/INFO] [GradleStart]: Found and added coremod: gtPlusPlus.preloader.asm.Preloader_FMLLoadingPlugin
[13:56:39] [main/INFO] [GradleStart]: Found and added coremod: codechicken.core.launch.CodeChickenCorePlugin
[13:56:39] [main/INFO] [GradleStart]: Found and added coremod: micdoodle8.mods.miccore.MicdoodlePlugin
[13:56:39] [main/INFO] [GradleStart]: Running with arguments: [--userProperties, {}, --assetsDir, C:/Users/Domia/.gradle/caches/minecraft/assets, --assetIndex, 1.7.10, --accessToken, {REDACTED}, --version, 1.7.10, --tweakClass, cpw.mods.fml.common.launcher.FMLTweaker, --tweakClass, net.minecraftforge.gradle.tweakers.CoremodTweaker]
[13:56:39] [main/INFO] [LaunchWrapper]: Loading tweak class name cpw.mods.fml.common.launcher.FMLTweaker
[13:56:39] [main/INFO] [LaunchWrapper]: Using primary tweak class name cpw.mods.fml.common.launcher.FMLTweaker
[13:56:39] [main/INFO] [LaunchWrapper]: Loading tweak class name net.minecraftforge.gradle.tweakers.CoremodTweaker
[13:56:39] [main/INFO] [LaunchWrapper]: Calling tweak class cpw.mods.fml.common.launcher.FMLTweaker
[12:14:02] [main/INFO] [GradleStart]: Extra: []
[12:14:02] [main/INFO] [GradleStart]: Found and added coremod: ic2.core.coremod.IC2core
[12:14:02] [main/INFO] [GradleStart]: Found and added coremod: codechicken.core.launch.DepLoader
[12:14:02] [main/INFO] [GradleStart]: Found and added coremod: appeng.transformer.AppEngCore
[12:14:02] [main/INFO] [GradleStart]: Found and added coremod: cofh.asm.LoadingPlugin
[12:14:02] [main/INFO] [GradleStart]: Found and added coremod: codechicken.nei.asm.NEICorePlugin
[12:14:02] [main/INFO] [GradleStart]: Found and added coremod: gtPlusPlus.preloader.asm.Preloader_FMLLoadingPlugin
[12:14:02] [main/INFO] [GradleStart]: Found and added coremod: codechicken.core.launch.CodeChickenCorePlugin
[12:14:02] [main/INFO] [GradleStart]: Found and added coremod: micdoodle8.mods.miccore.MicdoodlePlugin
[12:14:02] [main/INFO] [GradleStart]: Running with arguments: [--userProperties, {}, --assetsDir, C:/Users/Domia/.gradle/caches/minecraft/assets, --assetIndex, 1.7.10, --accessToken, {REDACTED}, --version, 1.7.10, --tweakClass, cpw.mods.fml.common.launcher.FMLTweaker, --tweakClass, net.minecraftforge.gradle.tweakers.CoremodTweaker]
[12:14:02] [main/INFO] [LaunchWrapper]: Loading tweak class name cpw.mods.fml.common.launcher.FMLTweaker
[12:14:03] [main/INFO] [LaunchWrapper]: Using primary tweak class name cpw.mods.fml.common.launcher.FMLTweaker
[12:14:03] [main/INFO] [LaunchWrapper]: Loading tweak class name net.minecraftforge.gradle.tweakers.CoremodTweaker
[12:14:03] [main/INFO] [LaunchWrapper]: Calling tweak class cpw.mods.fml.common.launcher.FMLTweaker
[04:21:00] [main/INFO] [GradleStart]: Extra: []
[04:21:00] [main/INFO] [GradleStart]: Found and added coremod: appeng.transformer.AppEngCore
[04:21:00] [main/INFO] [GradleStart]: Found and added coremod: squeek.applecore.AppleCore
[04:21:00] [main/INFO] [GradleStart]: Found and added coremod: ic2.core.coremod.IC2core
[04:21:00] [main/INFO] [GradleStart]: Found and added coremod: codechicken.core.launch.CodeChickenCorePlugin
[04:21:00] [main/INFO] [GradleStart]: Found and added coremod: codechicken.nei.asm.NEICorePlugin
[04:21:00] [main/INFO] [GradleStart]: Found and added coremod: com.github.bartimaeusnek.ASM.BWCorePlugin
[04:21:00] [main/INFO] [GradleStart]: Found and added coremod: com.enderio.core.common.transform.EnderCorePlugin
[04:21:00] [main/INFO] [GradleStart]: Found and added coremod: codechicken.core.launch.DepLoader
[04:21:00] [main/INFO] [GradleStart]: Found and added coremod: gtPlusPlus.preloader.asm.Preloader_FMLLoadingPlugin
[04:21:00] [main/INFO] [GradleStart]: Found and added coremod: ic2.core.coremod.IC2core
[04:21:00] [main/INFO] [GradleStart]: Found and added coremod: micdoodle8.mods.miccore.MicdoodlePlugin
[04:21:00] [main/INFO] [GradleStart]: Found and added coremod: invtweaks.forge.asm.FMLPlugin
[04:21:00] [main/INFO] [GradleStart]: Running with arguments: [--userProperties, {}, --assetsDir, C:/Users/Domia/.gradle/caches/minecraft/assets, --assetIndex, 1.7.10, --accessToken, {REDACTED}, --version, 1.7.10, --tweakClass, cpw.mods.fml.common.launcher.FMLTweaker, --tweakClass, net.minecraftforge.gradle.tweakers.CoremodTweaker]
[04:21:00] [main/INFO] [LaunchWrapper]: Loading tweak class name cpw.mods.fml.common.launcher.FMLTweaker
[04:21:00] [main/INFO] [LaunchWrapper]: Using primary tweak class name cpw.mods.fml.common.launcher.FMLTweaker
[04:21:00] [main/INFO] [LaunchWrapper]: Loading tweak class name net.minecraftforge.gradle.tweakers.CoremodTweaker
[04:21:00] [main/INFO] [LaunchWrapper]: Calling tweak class cpw.mods.fml.common.launcher.FMLTweaker
