17.12.19 12:23;RIGHT_CLICK_BLOCK;Player823;DIM:0;1427;3;1134;|;142;0;113
17.12.19 12:23;RIGHT_CLICK_BLOCK;Player823;DIM:0;1428;3;1134;|;142;0;113
17.12.19 12:23;RIGHT_CLICK_BLOCK;Player823;DIM:0;1429;3;1134;|;142;0;113
17.12.19 12:23;RIGHT_CLICK_BLOCK;Player823;DIM:0;1430;3;1134;|;143;0;113
17.12.19 12:23;RIGHT_CLICK_BLOCK;Player823;DIM:0;1430;4;1134;|;143;0;113
17.12.19 12:23;RIGHT_CLICK_BLOCK;Player823;DIM:0;1429;4;1134;|;142;0;113
17.12.19 12:23;RIGHT_CLICK_BLOCK;Player823;DIM:0;1428;4;1134;|;142;0;113
17.12.19 12:23;RIGHT_CLICK_BLOCK;Player823;DIM:0;1427;4;1134;|;142;0;113
17.12.19 12:23;RIGHT_CLICK_BLOCK;Player823;DIM:0;1427;5;1134;|;142;0;113
17.12.19 12:23;RIGHT_CLICK_BLOCK;Player823;DIM:0;1428;5;1134;|;142;0;113
17.12.19 12:23;RIGHT_CLICK_BLOCK;Player823;DIM:0;1429;5;1134;|;142;0;113
17.12.19 12:23;RIGHT_CLICK_BLOCK;Player823;DIM:0;1430;5;1134;|;143;0;113
17.12.19 12:23;RIGHT_CLICK_BLOCK;Player823;DIM:0;1431;3;1134;|;143;0;113
17.12.19 12:23;RIGHT_CLICK_BLOCK;Player823;DIM:0;1431;4;1134;|;143;0;113
17.12.19 12:23;RIGHT_CLICK_BLOCK;Player823;DIM:0;1431;5;1134;|;143;0;113
17.12.19 12:23;RIGHT_CLICK_BLOCK;Player823;DIM:0;1427;4;1134;|;142;0;113
17.12.19 12:23;RIGHT_CLICK_BLOCK;Player823;DIM:0;1425;4;1136;|;142;0;113
17.12.19 12:23;RIGHT_CLICK_BLOCK;Player823;DIM:0;1427;4;1134;|;142;0;113
17.12.19 12:24;RIGHT_CLICK_BLOCK;Player823;DIM:0;1425;4;1136;|;142;0;113
17.12.19 12:24;RIGHT_CLICK_BLOCK;Player823;DIM:0;1425;4;1141;|;142;0;114
17.12.19 12:24;RIGHT_CLICK_BLOCK;Player823;DIM:0;1424;3;1136;|;142;0;113
17.12.19 12:24;RIGHT_CLICK_BLOCK;Player823;DIM:0;1425;4;1136;|;142;0;113
17.12.19 12:24;RIGHT_CLICK_BLOCK;Player823;DIM:0;1424;4;1136;|;142;0;113
17.12.19 12:26;LEFT_CLICK_BLOCK;Player823;DIM:0;1425;4;1138;|;142;0;113
17.12.19 12:26;LEFT_CLICK_BLOCK;Player823;DIM:0;1425;4;1137;|;142;0;113
17.12.19 12:26;RIGHT_CLICK_BLOCK;Player823;DIM:0;1425;3;1137;|;142;0;113
17.12.19 12:26;RIGHT_CLICK_BLOCK;Player823;DIM:0;1425;4;1141;|;142;0;114
17.12.19 12:26;RIGHT_CLICK_BLOCK;Player823;DIM:0;1425;4;1137;|;142;0;113
17.12.19 12:26;RIGHT_CLICK_BLOCK;Player823;DIM:0;1424;4;1136;|;142;0;113
17.12.19 12:26;RIGHT_CLICK_BLOCK;Player823;DIM:0;1424;4;1136;|;142;0;113
17.12.19 12:26;RIGHT_CLICK_BLOCK;Player823;DIM:0;1424;4;1136;|;142;0;113
17.12.19 12:27;RIGHT_CLICK_BLOCK;Player823;DIM:0;1425;4;1137;|;142;0;113
